Initializing logger
Registering providers
 Registering github.com/sideprotocol/side/app.GetInterfaceRegistry (/Users/madongdong/Desktop/workspace/com.side.mainnet/side/app/app.go:205)
  Registering resolver for simple type types.InterfaceRegistry
 Registering github.com/cosmos/cosmos-sdk/runtime.ProvideApp (/Users/madongdong/go/pkg/mod/github.com/sideprotocol/cosmos-sdk@v0.50.9-btc1/runtime/module.go:84)
  Registering resolver for simple type codec.Codec
  Registering resolver for simple type *codec.LegacyAmino
  Registering resolver for simple type *runtime.AppBuilder
  Registering resolver for simple type *baseapp.MsgServiceRouter
  Registering resolver for simple type *baseapp.GRPCQueryRouter
  Registering resolver for one-per-module type appmodule.AppModule
  Found resolver for appmodule.AppModule: *depinject.onePerModuleResolver
  Registering resolver for simple type protodesc.Resolver
  Registering resolver for simple type protoregistry.MessageTypeResolver
 Registering resolver for many-per-container type signing.CustomGetSigner
 Registering github.com/cosmos/cosmos-sdk/runtime.ProvideInterfaceRegistry (/Users/madongdong/go/pkg/mod/github.com/sideprotocol/cosmos-sdk@v0.50.9-btc1/runtime/module.go:164)
  Found resolver for types.InterfaceRegistry: *depinject.simpleResolver
 Failed registering providers because of: duplicate provision of type types.InterfaceRegistry by github.com/cosmos/cosmos-sdk/runtime.ProvideInterfaceRegistry (/Users/madongdong/go/pkg/mod/github.com/sideprotocol/cosmos-sdk@v0.50.9-btc1/runtime/module.go:164)
	already provided by github.com/sideprotocol/side/app.GetInterfaceRegistry (/Users/madongdong/Desktop/workspace/com.side.mainnet/side/app/app.go:205)
goroutine 1 [running]:
cosmossdk.io/depinject.getStackTrace()
	/Users/madongdong/go/pkg/mod/cosmossdk.io/depinject@v1.0.0/config.go:193 +0x68
cosmossdk.io/depinject.provide(0x140003c6930, 0x14000932a90, {0x14000932080, 0x1, 0x1})
	/Users/madongdong/go/pkg/mod/cosmossdk.io/depinject@v1.0.0/config.go:52 +0x388
cosmossdk.io/depinject.ProvideInModule.func1(0x140003c6930)
	/Users/madongdong/go/pkg/mod/cosmossdk.io/depinject@v1.0.0/config.go:40 +0xc8
cosmossdk.io/depinject.containerConfig.apply(0x14000b30360, 0x140003c6930)
	/Users/madongdong/go/pkg/mod/cosmossdk.io/depinject@v1.0.0/config.go:186 +0x34
cosmossdk.io/depinject.Configs.func1(0x140003c6930)
	/Users/madongdong/go/pkg/mod/cosmossdk.io/depinject@v1.0.0/config.go:174 +0xac
cosmossdk.io/depinject.containerConfig.apply(0x1400004ed80, 0x140003c6930)
	/Users/madongdong/go/pkg/mod/cosmossdk.io/depinject@v1.0.0/config.go:186 +0x34
cosmossdk.io/depinject.Configs.func1(0x140003c6930)
	/Users/madongdong/go/pkg/mod/cosmossdk.io/depinject@v1.0.0/config.go:174 +0xac
cosmossdk.io/depinject.containerConfig.apply(0x1400004ede0, 0x140003c6930)
	/Users/madongdong/go/pkg/mod/cosmossdk.io/depinject@v1.0.0/config.go:186 +0x34
cosmossdk.io/depinject.Configs.func1(0x140003c6930)
	/Users/madongdong/go/pkg/mod/cosmossdk.io/depinject@v1.0.0/config.go:174 +0xac
cosmossdk.io/depinject.containerConfig.apply(0x1400004ee60, 0x140003c6930)
	/Users/madongdong/go/pkg/mod/cosmossdk.io/depinject@v1.0.0/config.go:186 +0x34
cosmossdk.io/depinject.doInject(0x1400060d9e0, {0x105e0c278, 0x14000847200}, {0x105de4140, 0x1400004ef20}, {0x105de4160, 0x1400004ee60}, {0x140008471c0, 0x4, 0x4})
	/Users/madongdong/go/pkg/mod/cosmossdk.io/depinject@v1.0.0/inject.go:74 +0x124
cosmossdk.io/depinject.inject({0x105e0c278, 0x14000847200}, {0x105de4140, 0x1400004ef20}, {0x105de4160, 0x1400004ee60}, {0x140008471c0, 0x4, 0x4})
	/Users/madongdong/go/pkg/mod/cosmossdk.io/depinject@v1.0.0/inject.go:45 +0x1c8
cosmossdk.io/depinject.Inject({0x105de4160, 0x1400004ee60}, {0x140008471c0, 0x4, 0x4})
	/Users/madongdong/go/pkg/mod/cosmossdk.io/depinject@v1.0.0/inject.go:19 +0x88
github.com/sideprotocol/side/cmd/sided/cmd.NewRootCmd()
	/Users/madongdong/Desktop/workspace/com.side.mainnet/side/cmd/sided/cmd/root.go:44 +0x580
main.main()
	/Users/madongdong/Desktop/workspace/com.side.mainnet/side/cmd/sided/main.go:17 +0x24

goroutine 1 [running]:
cosmossdk.io/depinject.getStackTrace()
	/Users/madongdong/go/pkg/mod/cosmossdk.io/depinject@v1.0.0/config.go:193 +0x68
cosmossdk.io/depinject.Configs.func1(0x140003c6930)
	/Users/madongdong/go/pkg/mod/cosmossdk.io/depinject@v1.0.0/config.go:176 +0xc0
cosmossdk.io/depinject.containerConfig.apply(0x1400004ed80, 0x140003c6930)
	/Users/madongdong/go/pkg/mod/cosmossdk.io/depinject@v1.0.0/config.go:186 +0x34
cosmossdk.io/depinject.Configs.func1(0x140003c6930)
	/Users/madongdong/go/pkg/mod/cosmossdk.io/depinject@v1.0.0/config.go:174 +0xac
cosmossdk.io/depinject.containerConfig.apply(0x1400004ede0, 0x140003c6930)
	/Users/madongdong/go/pkg/mod/cosmossdk.io/depinject@v1.0.0/config.go:186 +0x34
cosmossdk.io/depinject.Configs.func1(0x140003c6930)
	/Users/madongdong/go/pkg/mod/cosmossdk.io/depinject@v1.0.0/config.go:174 +0xac
cosmossdk.io/depinject.containerConfig.apply(0x1400004ee60, 0x140003c6930)
	/Users/madongdong/go/pkg/mod/cosmossdk.io/depinject@v1.0.0/config.go:186 +0x34
cosmossdk.io/depinject.doInject(0x1400060d9e0, {0x105e0c278, 0x14000847200}, {0x105de4140, 0x1400004ef20}, {0x105de4160, 0x1400004ee60}, {0x140008471c0, 0x4, 0x4})
	/Users/madongdong/go/pkg/mod/cosmossdk.io/depinject@v1.0.0/inject.go:74 +0x124
cosmossdk.io/depinject.inject({0x105e0c278, 0x14000847200}, {0x105de4140, 0x1400004ef20}, {0x105de4160, 0x1400004ee60}, {0x140008471c0, 0x4, 0x4})
	/Users/madongdong/go/pkg/mod/cosmossdk.io/depinject@v1.0.0/inject.go:45 +0x1c8
cosmossdk.io/depinject.Inject({0x105de4160, 0x1400004ee60}, {0x140008471c0, 0x4, 0x4})
	/Users/madongdong/go/pkg/mod/cosmossdk.io/depinject@v1.0.0/inject.go:19 +0x88
github.com/sideprotocol/side/cmd/sided/cmd.NewRootCmd()
	/Users/madongdong/Desktop/workspace/com.side.mainnet/side/cmd/sided/cmd/root.go:44 +0x580
main.main()
	/Users/madongdong/Desktop/workspace/com.side.mainnet/side/cmd/sided/main.go:17 +0x24

goroutine 1 [running]:
cosmossdk.io/depinject.getStackTrace()
	/Users/madongdong/go/pkg/mod/cosmossdk.io/depinject@v1.0.0/config.go:193 +0x68
cosmossdk.io/depinject.Configs.func1(0x140003c6930)
	/Users/madongdong/go/pkg/mod/cosmossdk.io/depinject@v1.0.0/config.go:176 +0xc0
cosmossdk.io/depinject.containerConfig.apply(0x1400004ede0, 0x140003c6930)
	/Users/madongdong/go/pkg/mod/cosmossdk.io/depinject@v1.0.0/config.go:186 +0x34
cosmossdk.io/depinject.Configs.func1(0x140003c6930)
	/Users/madongdong/go/pkg/mod/cosmossdk.io/depinject@v1.0.0/config.go:174 +0xac
cosmossdk.io/depinject.containerConfig.apply(0x1400004ee60, 0x140003c6930)
	/Users/madongdong/go/pkg/mod/cosmossdk.io/depinject@v1.0.0/config.go:186 +0x34
cosmossdk.io/depinject.doInject(0x1400060d9e0, {0x105e0c278, 0x14000847200}, {0x105de4140, 0x1400004ef20}, {0x105de4160, 0x1400004ee60}, {0x140008471c0, 0x4, 0x4})
	/Users/madongdong/go/pkg/mod/cosmossdk.io/depinject@v1.0.0/inject.go:74 +0x124
cosmossdk.io/depinject.inject({0x105e0c278, 0x14000847200}, {0x105de4140, 0x1400004ef20}, {0x105de4160, 0x1400004ee60}, {0x140008471c0, 0x4, 0x4})
	/Users/madongdong/go/pkg/mod/cosmossdk.io/depinject@v1.0.0/inject.go:45 +0x1c8
cosmossdk.io/depinject.Inject({0x105de4160, 0x1400004ee60}, {0x140008471c0, 0x4, 0x4})
	/Users/madongdong/go/pkg/mod/cosmossdk.io/depinject@v1.0.0/inject.go:19 +0x88
github.com/sideprotocol/side/cmd/sided/cmd.NewRootCmd()
	/Users/madongdong/Desktop/workspace/com.side.mainnet/side/cmd/sided/cmd/root.go:44 +0x580
main.main()
	/Users/madongdong/Desktop/workspace/com.side.mainnet/side/cmd/sided/main.go:17 +0x24

goroutine 1 [running]:
cosmossdk.io/depinject.getStackTrace()
	/Users/madongdong/go/pkg/mod/cosmossdk.io/depinject@v1.0.0/config.go:193 +0x68
cosmossdk.io/depinject.Configs.func1(0x140003c6930)
	/Users/madongdong/go/pkg/mod/cosmossdk.io/depinject@v1.0.0/config.go:176 +0xc0
cosmossdk.io/depinject.containerConfig.apply(0x1400004ee60, 0x140003c6930)
	/Users/madongdong/go/pkg/mod/cosmossdk.io/depinject@v1.0.0/config.go:186 +0x34
cosmossdk.io/depinject.doInject(0x1400060d9e0, {0x105e0c278, 0x14000847200}, {0x105de4140, 0x1400004ef20}, {0x105de4160, 0x1400004ee60}, {0x140008471c0, 0x4, 0x4})
	/Users/madongdong/go/pkg/mod/cosmossdk.io/depinject@v1.0.0/inject.go:74 +0x124
cosmossdk.io/depinject.inject({0x105e0c278, 0x14000847200}, {0x105de4140, 0x1400004ef20}, {0x105de4160, 0x1400004ee60}, {0x140008471c0, 0x4, 0x4})
	/Users/madongdong/go/pkg/mod/cosmossdk.io/depinject@v1.0.0/inject.go:45 +0x1c8
cosmossdk.io/depinject.Inject({0x105de4160, 0x1400004ee60}, {0x140008471c0, 0x4, 0x4})
	/Users/madongdong/go/pkg/mod/cosmossdk.io/depinject@v1.0.0/inject.go:19 +0x88
github.com/sideprotocol/side/cmd/sided/cmd.NewRootCmd()
	/Users/madongdong/Desktop/workspace/com.side.mainnet/side/cmd/sided/cmd/root.go:44 +0x580
main.main()
	/Users/madongdong/Desktop/workspace/com.side.mainnet/side/cmd/sided/main.go:17 +0x24

 Error: duplicate provision of type types.InterfaceRegistry by github.com/cosmos/cosmos-sdk/runtime.ProvideInterfaceRegistry (/Users/madongdong/go/pkg/mod/github.com/sideprotocol/cosmos-sdk@v0.50.9-btc1/runtime/module.go:164)
	already provided by github.com/sideprotocol/side/app.GetInterfaceRegistry (/Users/madongdong/Desktop/workspace/com.side.mainnet/side/app/app.go:205)
goroutine 1 [running]:
cosmossdk.io/depinject.getStackTrace()
	/Users/madongdong/go/pkg/mod/cosmossdk.io/depinject@v1.0.0/config.go:193 +0x68
cosmossdk.io/depinject.provide(0x140003c6930, 0x14000932a90, {0x14000932080, 0x1, 0x1})
	/Users/madongdong/go/pkg/mod/cosmossdk.io/depinject@v1.0.0/config.go:52 +0x388
cosmossdk.io/depinject.ProvideInModule.func1(0x140003c6930)
	/Users/madongdong/go/pkg/mod/cosmossdk.io/depinject@v1.0.0/config.go:40 +0xc8
cosmossdk.io/depinject.containerConfig.apply(0x14000b30360, 0x140003c6930)
	/Users/madongdong/go/pkg/mod/cosmossdk.io/depinject@v1.0.0/config.go:186 +0x34
cosmossdk.io/depinject.Configs.func1(0x140003c6930)
	/Users/madongdong/go/pkg/mod/cosmossdk.io/depinject@v1.0.0/config.go:174 +0xac
cosmossdk.io/depinject.containerConfig.apply(0x1400004ed80, 0x140003c6930)
	/Users/madongdong/go/pkg/mod/cosmossdk.io/depinject@v1.0.0/config.go:186 +0x34
cosmossdk.io/depinject.Configs.func1(0x140003c6930)
	/Users/madongdong/go/pkg/mod/cosmossdk.io/depinject@v1.0.0/config.go:174 +0xac
cosmossdk.io/depinject.containerConfig.apply(0x1400004ede0, 0x140003c6930)
	/Users/madongdong/go/pkg/mod/cosmossdk.io/depinject@v1.0.0/config.go:186 +0x34
cosmossdk.io/depinject.Configs.func1(0x140003c6930)
	/Users/madongdong/go/pkg/mod/cosmossdk.io/depinject@v1.0.0/config.go:174 +0xac
cosmossdk.io/depinject.containerConfig.apply(0x1400004ee60, 0x140003c6930)
	/Users/madongdong/go/pkg/mod/cosmossdk.io/depinject@v1.0.0/config.go:186 +0x34
cosmossdk.io/depinject.doInject(0x1400060d9e0, {0x105e0c278, 0x14000847200}, {0x105de4140, 0x1400004ef20}, {0x105de4160, 0x1400004ee60}, {0x140008471c0, 0x4, 0x4})
	/Users/madongdong/go/pkg/mod/cosmossdk.io/depinject@v1.0.0/inject.go:74 +0x124
cosmossdk.io/depinject.inject({0x105e0c278, 0x14000847200}, {0x105de4140, 0x1400004ef20}, {0x105de4160, 0x1400004ee60}, {0x140008471c0, 0x4, 0x4})
	/Users/madongdong/go/pkg/mod/cosmossdk.io/depinject@v1.0.0/inject.go:45 +0x1c8
cosmossdk.io/depinject.Inject({0x105de4160, 0x1400004ee60}, {0x140008471c0, 0x4, 0x4})
	/Users/madongdong/go/pkg/mod/cosmossdk.io/depinject@v1.0.0/inject.go:19 +0x88
github.com/sideprotocol/side/cmd/sided/cmd.NewRootCmd()
	/Users/madongdong/Desktop/workspace/com.side.mainnet/side/cmd/sided/cmd/root.go:44 +0x580
main.main()
	/Users/madongdong/Desktop/workspace/com.side.mainnet/side/cmd/sided/main.go:17 +0x24

goroutine 1 [running]:
cosmossdk.io/depinject.getStackTrace()
	/Users/madongdong/go/pkg/mod/cosmossdk.io/depinject@v1.0.0/config.go:193 +0x68
cosmossdk.io/depinject.Configs.func1(0x140003c6930)
	/Users/madongdong/go/pkg/mod/cosmossdk.io/depinject@v1.0.0/config.go:176 +0xc0
cosmossdk.io/depinject.containerConfig.apply(0x1400004ed80, 0x140003c6930)
	/Users/madongdong/go/pkg/mod/cosmossdk.io/depinject@v1.0.0/config.go:186 +0x34
cosmossdk.io/depinject.Configs.func1(0x140003c6930)
	/Users/madongdong/go/pkg/mod/cosmossdk.io/depinject@v1.0.0/config.go:174 +0xac
cosmossdk.io/depinject.containerConfig.apply(0x1400004ede0, 0x140003c6930)
	/Users/madongdong/go/pkg/mod/cosmossdk.io/depinject@v1.0.0/config.go:186 +0x34
cosmossdk.io/depinject.Configs.func1(0x140003c6930)
	/Users/madongdong/go/pkg/mod/cosmossdk.io/depinject@v1.0.0/config.go:174 +0xac
cosmossdk.io/depinject.containerConfig.apply(0x1400004ee60, 0x140003c6930)
	/Users/madongdong/go/pkg/mod/cosmossdk.io/depinject@v1.0.0/config.go:186 +0x34
cosmossdk.io/depinject.doInject(0x1400060d9e0, {0x105e0c278, 0x14000847200}, {0x105de4140, 0x1400004ef20}, {0x105de4160, 0x1400004ee60}, {0x140008471c0, 0x4, 0x4})
	/Users/madongdong/go/pkg/mod/cosmossdk.io/depinject@v1.0.0/inject.go:74 +0x124
cosmossdk.io/depinject.inject({0x105e0c278, 0x14000847200}, {0x105de4140, 0x1400004ef20}, {0x105de4160, 0x1400004ee60}, {0x140008471c0, 0x4, 0x4})
	/Users/madongdong/go/pkg/mod/cosmossdk.io/depinject@v1.0.0/inject.go:45 +0x1c8
cosmossdk.io/depinject.Inject({0x105de4160, 0x1400004ee60}, {0x140008471c0, 0x4, 0x4})
	/Users/madongdong/go/pkg/mod/cosmossdk.io/depinject@v1.0.0/inject.go:19 +0x88
github.com/sideprotocol/side/cmd/sided/cmd.NewRootCmd()
	/Users/madongdong/Desktop/workspace/com.side.mainnet/side/cmd/sided/cmd/root.go:44 +0x580
main.main()
	/Users/madongdong/Desktop/workspace/com.side.mainnet/side/cmd/sided/main.go:17 +0x24

goroutine 1 [running]:
cosmossdk.io/depinject.getStackTrace()
	/Users/madongdong/go/pkg/mod/cosmossdk.io/depinject@v1.0.0/config.go:193 +0x68
cosmossdk.io/depinject.Configs.func1(0x140003c6930)
	/Users/madongdong/go/pkg/mod/cosmossdk.io/depinject@v1.0.0/config.go:176 +0xc0
cosmossdk.io/depinject.containerConfig.apply(0x1400004ede0, 0x140003c6930)
	/Users/madongdong/go/pkg/mod/cosmossdk.io/depinject@v1.0.0/config.go:186 +0x34
cosmossdk.io/depinject.Configs.func1(0x140003c6930)
	/Users/madongdong/go/pkg/mod/cosmossdk.io/depinject@v1.0.0/config.go:174 +0xac
cosmossdk.io/depinject.containerConfig.apply(0x1400004ee60, 0x140003c6930)
	/Users/madongdong/go/pkg/mod/cosmossdk.io/depinject@v1.0.0/config.go:186 +0x34
cosmossdk.io/depinject.doInject(0x1400060d9e0, {0x105e0c278, 0x14000847200}, {0x105de4140, 0x1400004ef20}, {0x105de4160, 0x1400004ee60}, {0x140008471c0, 0x4, 0x4})
	/Users/madongdong/go/pkg/mod/cosmossdk.io/depinject@v1.0.0/inject.go:74 +0x124
cosmossdk.io/depinject.inject({0x105e0c278, 0x14000847200}, {0x105de4140, 0x1400004ef20}, {0x105de4160, 0x1400004ee60}, {0x140008471c0, 0x4, 0x4})
	/Users/madongdong/go/pkg/mod/cosmossdk.io/depinject@v1.0.0/inject.go:45 +0x1c8
cosmossdk.io/depinject.Inject({0x105de4160, 0x1400004ee60}, {0x140008471c0, 0x4, 0x4})
	/Users/madongdong/go/pkg/mod/cosmossdk.io/depinject@v1.0.0/inject.go:19 +0x88
github.com/sideprotocol/side/cmd/sided/cmd.NewRootCmd()
	/Users/madongdong/Desktop/workspace/com.side.mainnet/side/cmd/sided/cmd/root.go:44 +0x580
main.main()
	/Users/madongdong/Desktop/workspace/com.side.mainnet/side/cmd/sided/main.go:17 +0x24

goroutine 1 [running]:
cosmossdk.io/depinject.getStackTrace()
	/Users/madongdong/go/pkg/mod/cosmossdk.io/depinject@v1.0.0/config.go:193 +0x68
cosmossdk.io/depinject.Configs.func1(0x140003c6930)
	/Users/madongdong/go/pkg/mod/cosmossdk.io/depinject@v1.0.0/config.go:176 +0xc0
cosmossdk.io/depinject.containerConfig.apply(0x1400004ee60, 0x140003c6930)
	/Users/madongdong/go/pkg/mod/cosmossdk.io/depinject@v1.0.0/config.go:186 +0x34
cosmossdk.io/depinject.doInject(0x1400060d9e0, {0x105e0c278, 0x14000847200}, {0x105de4140, 0x1400004ef20}, {0x105de4160, 0x1400004ee60}, {0x140008471c0, 0x4, 0x4})
	/Users/madongdong/go/pkg/mod/cosmossdk.io/depinject@v1.0.0/inject.go:74 +0x124
cosmossdk.io/depinject.inject({0x105e0c278, 0x14000847200}, {0x105de4140, 0x1400004ef20}, {0x105de4160, 0x1400004ee60}, {0x140008471c0, 0x4, 0x4})
	/Users/madongdong/go/pkg/mod/cosmossdk.io/depinject@v1.0.0/inject.go:45 +0x1c8
cosmossdk.io/depinject.Inject({0x105de4160, 0x1400004ee60}, {0x140008471c0, 0x4, 0x4})
	/Users/madongdong/go/pkg/mod/cosmossdk.io/depinject@v1.0.0/inject.go:19 +0x88
github.com/sideprotocol/side/cmd/sided/cmd.NewRootCmd()
	/Users/madongdong/Desktop/workspace/com.side.mainnet/side/cmd/sided/cmd/root.go:44 +0x580
main.main()
	/Users/madongdong/Desktop/workspace/com.side.mainnet/side/cmd/sided/main.go:17 +0x24

 Saved graph of container to /Users/madongdong/Desktop/workspace/com.side.mainnet/side/cmd/sided/debug_container.dot
